{"C:\\Users\\vasil\\dictionary_app\\src\\App.jsx": {"path":"C:\\Users\\vasil\\dictionary_app\\src\\App.jsx","all":false,"statementMap":{"0":{"start":{"line":1,"column":0},"end":{"line":1,"column":18}},"1":{"start":{"line":2,"column":0},"end":{"line":2,"column":54}},"3":{"start":{"line":4,"column":0},"end":{"line":4,"column":16}},"6":{"start":{"line":7,"column":0},"end":{"line":7,"column":10}},"7":{"start":{"line":8,"column":0},"end":{"line":8,"column":6}},"8":{"start":{"line":9,"column":0},"end":{"line":9,"column":21}},"9":{"start":{"line":10,"column":0},"end":{"line":10,"column":7}},"11":{"start":{"line":12,"column":0},"end":{"line":12,"column":1}},"13":{"start":{"line":14,"column":0},"end":{"line":14,"column":18}}},"s":{"0":1,"1":1,"3":1,"6":1,"7":1,"8":1,"9":1,"11":1,"13":1},"branchMap":{"0":{"type":"branch","line":4,"loc":{"start":{"line":4,"column":0},"end":{"line":12,"column":1}},"locations":[{"start":{"line":4,"column":0},"end":{"line":12,"column":1}}]}},"b":{"0":[1]},"fnMap":{"0":{"name":"App","decl":{"start":{"line":4,"column":0},"end":{"line":12,"column":1}},"loc":{"start":{"line":4,"column":0},"end":{"line":12,"column":1}},"line":4}},"f":{"0":1}}
,"C:\\Users\\vasil\\dictionary_app\\src\\components\\DictionaryApp.jsx": {"path":"C:\\Users\\vasil\\dictionary_app\\src\\components\\DictionaryApp.jsx","all":false,"statementMap":{"0":{"start":{"line":1,"column":0},"end":{"line":1,"column":31}},"1":{"start":{"line":2,"column":0},"end":{"line":2,"column":29}},"2":{"start":{"line":3,"column":0},"end":{"line":3,"column":39}},"3":{"start":{"line":4,"column":0},"end":{"line":4,"column":53}},"4":{"start":{"line":5,"column":0},"end":{"line":5,"column":43}},"6":{"start":{"line":7,"column":0},"end":{"line":7,"column":43}},"7":{"start":{"line":8,"column":0},"end":{"line":8,"column":29}},"8":{"start":{"line":9,"column":0},"end":{"line":9,"column":55}},"9":{"start":{"line":10,"column":0},"end":{"line":10,"column":26}},"10":{"start":{"line":11,"column":0},"end":{"line":11,"column":13}},"11":{"start":{"line":12,"column":0},"end":{"line":12,"column":5}},"13":{"start":{"line":14,"column":0},"end":{"line":14,"column":19}},"14":{"start":{"line":15,"column":0},"end":{"line":15,"column":24}},"16":{"start":{"line":17,"column":0},"end":{"line":17,"column":9}},"17":{"start":{"line":18,"column":0},"end":{"line":18,"column":94}},"18":{"start":{"line":19,"column":0},"end":{"line":19,"column":45}},"20":{"start":{"line":21,"column":0},"end":{"line":21,"column":25}},"21":{"start":{"line":22,"column":0},"end":{"line":22,"column":45}},"22":{"start":{"line":23,"column":0},"end":{"line":23,"column":61}},"23":{"start":{"line":24,"column":0},"end":{"line":24,"column":7}},"25":{"start":{"line":26,"column":0},"end":{"line":26,"column":41}},"26":{"start":{"line":27,"column":0},"end":{"line":27,"column":41}},"29":{"start":{"line":30,"column":0},"end":{"line":30,"column":51}},"30":{"start":{"line":31,"column":0},"end":{"line":31,"column":73}},"31":{"start":{"line":32,"column":0},"end":{"line":32,"column":14}},"32":{"start":{"line":33,"column":0},"end":{"line":33,"column":41}},"33":{"start":{"line":34,"column":0},"end":{"line":34,"column":7}},"34":{"start":{"line":35,"column":0},"end":{"line":35,"column":21}},"35":{"start":{"line":36,"column":0},"end":{"line":36,"column":31}},"36":{"start":{"line":37,"column":0},"end":{"line":37,"column":43}},"37":{"start":{"line":38,"column":0},"end":{"line":38,"column":5}},"38":{"start":{"line":39,"column":0},"end":{"line":39,"column":4}},"40":{"start":{"line":41,"column":0},"end":{"line":41,"column":10}},"41":{"start":{"line":42,"column":0},"end":{"line":42,"column":35}},"42":{"start":{"line":43,"column":0},"end":{"line":43,"column":11}},"43":{"start":{"line":44,"column":0},"end":{"line":44,"column":31}},"44":{"start":{"line":45,"column":0},"end":{"line":45,"column":14}},"45":{"start":{"line":46,"column":0},"end":{"line":46,"column":21}},"46":{"start":{"line":47,"column":0},"end":{"line":47,"column":42}},"47":{"start":{"line":48,"column":0},"end":{"line":48,"column":22}},"48":{"start":{"line":49,"column":0},"end":{"line":49,"column":51}},"49":{"start":{"line":50,"column":0},"end":{"line":50,"column":10}},"50":{"start":{"line":51,"column":0},"end":{"line":51,"column":61}},"52":{"start":{"line":53,"column":0},"end":{"line":53,"column":58}},"54":{"start":{"line":55,"column":0},"end":{"line":55,"column":24}},"55":{"start":{"line":56,"column":0},"end":{"line":56,"column":44}},"56":{"start":{"line":57,"column":0},"end":{"line":57,"column":38}},"59":{"start":{"line":60,"column":0},"end":{"line":60,"column":71}},"60":{"start":{"line":61,"column":0},"end":{"line":61,"column":19}},"63":{"start":{"line":64,"column":0},"end":{"line":64,"column":103}},"64":{"start":{"line":65,"column":0},"end":{"line":65,"column":20}},"68":{"start":{"line":69,"column":0},"end":{"line":69,"column":106}},"69":{"start":{"line":70,"column":0},"end":{"line":70,"column":19}},"71":{"start":{"line":72,"column":0},"end":{"line":72,"column":60}},"72":{"start":{"line":73,"column":0},"end":{"line":73,"column":82}},"74":{"start":{"line":75,"column":0},"end":{"line":75,"column":24}},"75":{"start":{"line":76,"column":0},"end":{"line":76,"column":20}},"84":{"start":{"line":85,"column":0},"end":{"line":85,"column":16}},"86":{"start":{"line":87,"column":0},"end":{"line":87,"column":12}},"87":{"start":{"line":88,"column":0},"end":{"line":88,"column":14}},"89":{"start":{"line":90,"column":0},"end":{"line":90,"column":2}},"91":{"start":{"line":92,"column":0},"end":{"line":92,"column":29}}},"s":{"0":1,"1":1,"2":22,"3":22,"4":22,"6":22,"7":3,"8":1,"9":1,"10":1,"11":1,"13":2,"14":2,"16":2,"17":2,"18":2,"20":3,"21":0,"22":0,"23":0,"25":2,"26":2,"29":3,"30":2,"31":3,"32":0,"33":0,"34":3,"35":0,"36":0,"37":0,"38":3,"40":22,"41":22,"42":22,"43":22,"44":22,"45":22,"46":22,"47":22,"48":22,"49":22,"50":22,"52":22,"54":22,"55":2,"56":2,"59":2,"60":2,"63":2,"64":2,"68":2,"69":2,"71":2,"72":2,"74":2,"75":2,"84":2,"86":22,"87":22,"89":22,"91":1},"branchMap":{"0":{"type":"branch","line":2,"loc":{"start":{"line":2,"column":22},"end":{"line":90,"column":2}},"locations":[{"start":{"line":2,"column":22},"end":{"line":90,"column":2}}]},"1":{"type":"branch","line":53,"loc":{"start":{"line":53,"column":9},"end":{"line":53,"column":58}},"locations":[{"start":{"line":53,"column":9},"end":{"line":53,"column":58}}]},"2":{"type":"branch","line":55,"loc":{"start":{"line":55,"column":9},"end":{"line":85,"column":16}},"locations":[{"start":{"line":55,"column":9},"end":{"line":85,"column":16}}]},"3":{"type":"branch","line":7,"loc":{"start":{"line":7,"column":30},"end":{"line":39,"column":4}},"locations":[{"start":{"line":7,"column":30},"end":{"line":39,"column":4}}]},"4":{"type":"branch","line":8,"loc":{"start":{"line":8,"column":28},"end":{"line":12,"column":5}},"locations":[{"start":{"line":8,"column":28},"end":{"line":12,"column":5}}]},"5":{"type":"branch","line":12,"loc":{"start":{"line":12,"column":4},"end":{"line":21,"column":24}},"locations":[{"start":{"line":12,"column":4},"end":{"line":21,"column":24}}]},"6":{"type":"branch","line":21,"loc":{"start":{"line":21,"column":24},"end":{"line":24,"column":7}},"locations":[{"start":{"line":21,"column":24},"end":{"line":24,"column":7}}]},"7":{"type":"branch","line":24,"loc":{"start":{"line":24,"column":6},"end":{"line":30,"column":50}},"locations":[{"start":{"line":24,"column":6},"end":{"line":30,"column":50}}]},"8":{"type":"branch","line":30,"loc":{"start":{"line":30,"column":50},"end":{"line":32,"column":13}},"locations":[{"start":{"line":30,"column":50},"end":{"line":32,"column":13}}]},"9":{"type":"branch","line":32,"loc":{"start":{"line":32,"column":6},"end":{"line":34,"column":7}},"locations":[{"start":{"line":32,"column":6},"end":{"line":34,"column":7}}]},"10":{"type":"branch","line":35,"loc":{"start":{"line":35,"column":4},"end":{"line":38,"column":5}},"locations":[{"start":{"line":35,"column":4},"end":{"line":38,"column":5}}]},"11":{"type":"branch","line":49,"loc":{"start":{"line":49,"column":20},"end":{"line":49,"column":51}},"locations":[{"start":{"line":49,"column":20},"end":{"line":49,"column":51}}]}},"b":{"0":[22],"1":[1],"2":[2],"3":[3],"4":[1],"5":[2],"6":[0],"7":[2],"8":[2],"9":[0],"10":[0],"11":[14]},"fnMap":{"0":{"name":"DictionaryApp","decl":{"start":{"line":2,"column":22},"end":{"line":90,"column":2}},"loc":{"start":{"line":2,"column":22},"end":{"line":90,"column":2}},"line":2},"1":{"name":"fetchWordDefinition","decl":{"start":{"line":7,"column":30},"end":{"line":39,"column":4}},"loc":{"start":{"line":7,"column":30},"end":{"line":39,"column":4}},"line":7},"2":{"name":"onChange","decl":{"start":{"line":49,"column":20},"end":{"line":49,"column":51}},"loc":{"start":{"line":49,"column":20},"end":{"line":49,"column":51}},"line":49}},"f":{"0":22,"1":3,"2":14}}
,"C:\\Users\\vasil\\dictionary_app\\src\\mocks\\handlers.js": {"path":"C:\\Users\\vasil\\dictionary_app\\src\\mocks\\handlers.js","all":false,"statementMap":{"0":{"start":{"line":1,"column":0},"end":{"line":1,"column":74}},"1":{"start":{"line":2,"column":0},"end":{"line":2,"column":0}},"2":{"start":{"line":3,"column":0},"end":{"line":3,"column":52}},"3":{"start":{"line":4,"column":0},"end":{"line":4,"column":25}},"4":{"start":{"line":5,"column":0},"end":{"line":5,"column":68}},"5":{"start":{"line":6,"column":0},"end":{"line":6,"column":88}},"6":{"start":{"line":7,"column":0},"end":{"line":7,"column":32}},"7":{"start":{"line":8,"column":0},"end":{"line":8,"column":44}},"8":{"start":{"line":9,"column":0},"end":{"line":9,"column":4}},"9":{"start":{"line":10,"column":0},"end":{"line":10,"column":57}},"10":{"start":{"line":11,"column":0},"end":{"line":11,"column":16}},"11":{"start":{"line":12,"column":0},"end":{"line":12,"column":76}},"12":{"start":{"line":13,"column":0},"end":{"line":13,"column":5}},"13":{"start":{"line":14,"column":0},"end":{"line":14,"column":0}},"14":{"start":{"line":15,"column":0},"end":{"line":15,"column":46}},"15":{"start":{"line":16,"column":0},"end":{"line":16,"column":29}},"16":{"start":{"line":17,"column":0},"end":{"line":17,"column":28}},"17":{"start":{"line":18,"column":0},"end":{"line":18,"column":9}},"18":{"start":{"line":19,"column":0},"end":{"line":19,"column":26}},"19":{"start":{"line":20,"column":0},"end":{"line":20,"column":34}},"20":{"start":{"line":21,"column":0},"end":{"line":21,"column":22}},"21":{"start":{"line":22,"column":0},"end":{"line":22,"column":13}},"22":{"start":{"line":23,"column":0},"end":{"line":23,"column":34}},"23":{"start":{"line":24,"column":0},"end":{"line":24,"column":91}},"24":{"start":{"line":25,"column":0},"end":{"line":25,"column":13}},"25":{"start":{"line":26,"column":0},"end":{"line":26,"column":12}},"26":{"start":{"line":27,"column":0},"end":{"line":27,"column":21}},"27":{"start":{"line":28,"column":0},"end":{"line":28,"column":13}},"28":{"start":{"line":29,"column":0},"end":{"line":29,"column":35}},"29":{"start":{"line":30,"column":0},"end":{"line":30,"column":28}},"30":{"start":{"line":31,"column":0},"end":{"line":31,"column":17}},"31":{"start":{"line":32,"column":0},"end":{"line":32,"column":95}},"32":{"start":{"line":33,"column":0},"end":{"line":33,"column":17}},"33":{"start":{"line":34,"column":0},"end":{"line":34,"column":15}},"34":{"start":{"line":35,"column":0},"end":{"line":35,"column":13}},"35":{"start":{"line":36,"column":0},"end":{"line":36,"column":12}},"36":{"start":{"line":37,"column":0},"end":{"line":37,"column":20}},"37":{"start":{"line":38,"column":0},"end":{"line":38,"column":33}},"38":{"start":{"line":39,"column":0},"end":{"line":39,"column":65}},"39":{"start":{"line":40,"column":0},"end":{"line":40,"column":12}},"40":{"start":{"line":41,"column":0},"end":{"line":41,"column":64}},"41":{"start":{"line":42,"column":0},"end":{"line":42,"column":9}},"42":{"start":{"line":43,"column":0},"end":{"line":43,"column":8}},"43":{"start":{"line":44,"column":0},"end":{"line":44,"column":0}},"44":{"start":{"line":45,"column":0},"end":{"line":45,"column":52}},"45":{"start":{"line":46,"column":0},"end":{"line":46,"column":52}},"46":{"start":{"line":47,"column":0},"end":{"line":47,"column":45}},"47":{"start":{"line":48,"column":0},"end":{"line":48,"column":12}},"48":{"start":{"line":49,"column":0},"end":{"line":49,"column":55}},"49":{"start":{"line":50,"column":0},"end":{"line":50,"column":75}},"50":{"start":{"line":51,"column":0},"end":{"line":51,"column":5}},"51":{"start":{"line":52,"column":0},"end":{"line":52,"column":5}},"52":{"start":{"line":53,"column":0},"end":{"line":53,"column":2}}},"s":{"0":1,"1":1,"2":1,"3":1,"4":1,"5":1,"6":2,"7":2,"8":2,"9":2,"10":2,"11":0,"12":0,"13":2,"14":2,"15":2,"16":2,"17":2,"18":2,"19":2,"20":2,"21":2,"22":2,"23":2,"24":2,"25":2,"26":2,"27":2,"28":2,"29":2,"30":2,"31":2,"32":2,"33":2,"34":2,"35":2,"36":2,"37":2,"38":2,"39":2,"40":2,"41":2,"42":2,"43":2,"44":2,"45":2,"46":2,"47":2,"48":0,"49":0,"50":0,"51":1,"52":1},"branchMap":{"0":{"type":"branch","line":6,"loc":{"start":{"line":6,"column":68},"end":{"line":52,"column":3}},"locations":[{"start":{"line":6,"column":68},"end":{"line":52,"column":3}}]},"1":{"type":"branch","line":11,"loc":{"start":{"line":11,"column":15},"end":{"line":13,"column":5}},"locations":[{"start":{"line":11,"column":15},"end":{"line":13,"column":5}}]},"2":{"type":"branch","line":48,"loc":{"start":{"line":48,"column":5},"end":{"line":51,"column":5}},"locations":[{"start":{"line":48,"column":5},"end":{"line":51,"column":5}}]}},"b":{"0":[2],"1":[0],"2":[0]},"fnMap":{},"f":{}}
}
